Using GATK jar /home/nailasoler/gatk-4.4.0.0/gatk-package-4.4.0.0-local.jar
Running:
    java -Dsamjdk.use_async_io_read_samtools=false -Dsamjdk.use_async_io_write_samtools=true -Dsamjdk.use_async_io_write_tribble=false -Dsamjdk.compression_level=2 -jar /home/nailasoler/gatk-4.4.0.0/gatk-package-4.4.0.0-local.jar HaplotypeCaller -R mtbRef/NC0009623.fasta -I bwa/SRR34768828/SRR34768828.bam -O gatk/SRR34768828/SRR34768828_gatk.vcf.gz --max-mnp-distance 1 -A FisherStrand -A StrandOddsRatio -A QualByDepth -A MappingQualityRankSumTest -A ReadPosRankSumTest -A DepthPerAlleleBySample -A Coverage
17:59:52.033 INFO  NativeLibraryLoader - Loading libgkl_compression.so from jar:file:/home/nailasoler/gatk-4.4.0.0/gatk-package-4.4.0.0-local.jar!/com/intel/gkl/native/libgkl_compression.so
17:59:52.079 INFO  HaplotypeCaller - ------------------------------------------------------------
17:59:52.082 INFO  HaplotypeCaller - The Genome Analysis Toolkit (GATK) v4.4.0.0
17:59:52.082 INFO  HaplotypeCaller - For support and documentation go to https://software.broadinstitute.org/gatk/
17:59:52.082 INFO  HaplotypeCaller - Executing as nailasoler@a21 on Linux v5.15.0-139-generic amd64
17:59:52.082 INFO  HaplotypeCaller - Java runtime: OpenJDK 64-Bit Server VM v21.0.7+6-Ubuntu-0ubuntu120.04
17:59:52.082 INFO  HaplotypeCaller - Start Date/Time: 16 de novembro de 2025 17:59:51 BRT
17:59:52.082 INFO  HaplotypeCaller - ------------------------------------------------------------
17:59:52.083 INFO  HaplotypeCaller - ------------------------------------------------------------
17:59:52.083 INFO  HaplotypeCaller - HTSJDK Version: 3.0.5
17:59:52.083 INFO  HaplotypeCaller - Picard Version: 3.0.0
17:59:52.083 INFO  HaplotypeCaller - Built for Spark Version: 3.3.1
17:59:52.084 INFO  HaplotypeCaller - HTSJDK Defaults.COMPRESSION_LEVEL : 2
17:59:52.084 INFO  HaplotypeCaller - HTSJDK Defaults.USE_ASYNC_IO_READ_FOR_SAMTOOLS : false
17:59:52.084 INFO  HaplotypeCaller - HTSJDK Defaults.USE_ASYNC_IO_WRITE_FOR_SAMTOOLS : true
17:59:52.084 INFO  HaplotypeCaller - HTSJDK Defaults.USE_ASYNC_IO_WRITE_FOR_TRIBBLE : false
17:59:52.084 INFO  HaplotypeCaller - Deflater: IntelDeflater
17:59:52.085 INFO  HaplotypeCaller - Inflater: IntelInflater
17:59:52.085 INFO  HaplotypeCaller - GCS max retries/reopens: 20
17:59:52.085 INFO  HaplotypeCaller - Requester pays: disabled
17:59:52.085 INFO  HaplotypeCaller - Initializing engine
17:59:52.255 INFO  HaplotypeCaller - Done initializing engine
17:59:52.262 INFO  HaplotypeCallerEngine - Disabling physical phasing, which is supported only for reference-model confidence output
17:59:52.278 INFO  NativeLibraryLoader - Loading libgkl_utils.so from jar:file:/home/nailasoler/gatk-4.4.0.0/gatk-package-4.4.0.0-local.jar!/com/intel/gkl/native/libgkl_utils.so
17:59:52.279 INFO  NativeLibraryLoader - Loading libgkl_pairhmm_omp.so from jar:file:/home/nailasoler/gatk-4.4.0.0/gatk-package-4.4.0.0-local.jar!/com/intel/gkl/native/libgkl_pairhmm_omp.so
17:59:52.297 INFO  IntelPairHmm - Flush-to-zero (FTZ) is enabled when running PairHMM
17:59:52.298 INFO  IntelPairHmm - Available threads: 20
17:59:52.298 INFO  IntelPairHmm - Requested threads: 4
17:59:52.298 INFO  PairHMM - Using the OpenMP multi-threaded AVX-accelerated native PairHMM implementation
17:59:52.324 INFO  ProgressMeter - Starting traversal
17:59:52.325 INFO  ProgressMeter -        Current Locus  Elapsed Minutes     Regions Processed   Regions/Minute
17:59:53.009 WARN  InbreedingCoeff - InbreedingCoeff will not be calculated at position NC_000962.3:1977 and possibly subsequent; at least 10 samples must have called genotypes
18:00:02.361 INFO  ProgressMeter -   NC_000962.3:475141              0.2                  1770          10581.9
18:00:12.373 INFO  ProgressMeter -  NC_000962.3:1307037              0.3                  4820          14425.4
18:00:22.392 INFO  ProgressMeter -  NC_000962.3:2180896              0.5                  8040          16044.2
18:00:32.398 INFO  ProgressMeter -  NC_000962.3:3032696              0.7                 11170          16724.5
18:00:42.399 INFO  ProgressMeter -  NC_000962.3:3902346              0.8                 14350          17194.6
18:00:48.412 INFO  HaplotypeCaller - 22442 read(s) filtered by: MappingQualityReadFilter 
0 read(s) filtered by: MappingQualityAvailableReadFilter 
0 read(s) filtered by: MappedReadFilter 
0 read(s) filtered by: NotSecondaryAlignmentReadFilter 
42272 read(s) filtered by: NotDuplicateReadFilter 
0 read(s) filtered by: PassesVendorQualityCheckReadFilter 
0 read(s) filtered by: NonZeroReferenceLengthAlignmentReadFilter 
0 read(s) filtered by: GoodCigarReadFilter 
0 read(s) filtered by: WellformedReadFilter 
64714 total reads filtered out of 2012176 reads processed
18:00:48.412 INFO  ProgressMeter -  NC_000962.3:4409694              0.9                 16216          17347.3
18:00:48.412 INFO  ProgressMeter - Traversal complete. Processed 16216 total regions in 0.9 minutes.
18:00:48.415 INFO  VectorLoglessPairHMM - Time spent in setup for JNI call : 0.044175586
18:00:48.416 INFO  PairHMM - Total compute time in PairHMM computeLogLikelihoods() : 1.3914642730000002
18:00:48.416 INFO  SmithWatermanAligner - Total compute time in java Smith-Waterman : 3.26 sec
18:00:48.416 INFO  HaplotypeCaller - Shutting down engine
[16 de novembro de 2025 18:00:48 BRT] org.broadinstitute.hellbender.tools.walkers.haplotypecaller.HaplotypeCaller done. Elapsed time: 0.94 minutes.
Runtime.totalMemory()=465567744
