Using GATK jar /home/nailasoler/gatk-4.4.0.0/gatk-package-4.4.0.0-local.jar
Running:
    java -Dsamjdk.use_async_io_read_samtools=false -Dsamjdk.use_async_io_write_samtools=true -Dsamjdk.use_async_io_write_tribble=false -Dsamjdk.compression_level=2 -jar /home/nailasoler/gatk-4.4.0.0/gatk-package-4.4.0.0-local.jar HaplotypeCaller -R mtbRef/NC0009623.fasta -I bwa/SRR34768828/SRR34768828.bam -O gatk/SRR34768828/SRR34768828.g.vcf.gz -ERC GVCF -A FisherStrand -A StrandOddsRatio -A QualByDepth -A MappingQualityRankSumTest -A ReadPosRankSumTest -A DepthPerAlleleBySample -A Coverage
17:57:59.319 INFO  NativeLibraryLoader - Loading libgkl_compression.so from jar:file:/home/nailasoler/gatk-4.4.0.0/gatk-package-4.4.0.0-local.jar!/com/intel/gkl/native/libgkl_compression.so
17:57:59.369 INFO  HaplotypeCaller - ------------------------------------------------------------
17:57:59.372 INFO  HaplotypeCaller - The Genome Analysis Toolkit (GATK) v4.4.0.0
17:57:59.372 INFO  HaplotypeCaller - For support and documentation go to https://software.broadinstitute.org/gatk/
17:57:59.372 INFO  HaplotypeCaller - Executing as nailasoler@a21 on Linux v5.15.0-139-generic amd64
17:57:59.373 INFO  HaplotypeCaller - Java runtime: OpenJDK 64-Bit Server VM v21.0.7+6-Ubuntu-0ubuntu120.04
17:57:59.373 INFO  HaplotypeCaller - Start Date/Time: 16 de novembro de 2025 17:57:59 BRT
17:57:59.373 INFO  HaplotypeCaller - ------------------------------------------------------------
17:57:59.373 INFO  HaplotypeCaller - ------------------------------------------------------------
17:57:59.374 INFO  HaplotypeCaller - HTSJDK Version: 3.0.5
17:57:59.374 INFO  HaplotypeCaller - Picard Version: 3.0.0
17:57:59.374 INFO  HaplotypeCaller - Built for Spark Version: 3.3.1
17:57:59.374 INFO  HaplotypeCaller - HTSJDK Defaults.COMPRESSION_LEVEL : 2
17:57:59.374 INFO  HaplotypeCaller - HTSJDK Defaults.USE_ASYNC_IO_READ_FOR_SAMTOOLS : false
17:57:59.374 INFO  HaplotypeCaller - HTSJDK Defaults.USE_ASYNC_IO_WRITE_FOR_SAMTOOLS : true
17:57:59.375 INFO  HaplotypeCaller - HTSJDK Defaults.USE_ASYNC_IO_WRITE_FOR_TRIBBLE : false
17:57:59.375 INFO  HaplotypeCaller - Deflater: IntelDeflater
17:57:59.375 INFO  HaplotypeCaller - Inflater: IntelInflater
17:57:59.375 INFO  HaplotypeCaller - GCS max retries/reopens: 20
17:57:59.375 INFO  HaplotypeCaller - Requester pays: disabled
17:57:59.376 INFO  HaplotypeCaller - Initializing engine
17:57:59.548 INFO  HaplotypeCaller - Done initializing engine
17:57:59.550 INFO  HaplotypeCallerEngine - Tool is in reference confidence mode and the annotation, the following changes will be made to any specified annotations: 'StrandBiasBySample' will be enabled. 'ChromosomeCounts', 'FisherStrand', 'StrandOddsRatio' and 'QualByDepth' annotations have been disabled
17:57:59.556 INFO  HaplotypeCallerEngine - Standard Emitting and Calling confidence set to -0.0 for reference-model confidence output
17:57:59.557 INFO  HaplotypeCallerEngine - All sites annotated with PLs forced to true for reference-model confidence output
17:57:59.572 INFO  NativeLibraryLoader - Loading libgkl_utils.so from jar:file:/home/nailasoler/gatk-4.4.0.0/gatk-package-4.4.0.0-local.jar!/com/intel/gkl/native/libgkl_utils.so
17:57:59.573 INFO  NativeLibraryLoader - Loading libgkl_pairhmm_omp.so from jar:file:/home/nailasoler/gatk-4.4.0.0/gatk-package-4.4.0.0-local.jar!/com/intel/gkl/native/libgkl_pairhmm_omp.so
17:57:59.590 INFO  IntelPairHmm - Flush-to-zero (FTZ) is enabled when running PairHMM
17:57:59.591 INFO  IntelPairHmm - Available threads: 20
17:57:59.591 INFO  IntelPairHmm - Requested threads: 4
17:57:59.591 INFO  PairHMM - Using the OpenMP multi-threaded AVX-accelerated native PairHMM implementation
17:57:59.630 INFO  ProgressMeter - Starting traversal
17:57:59.631 INFO  ProgressMeter -        Current Locus  Elapsed Minutes     Regions Processed   Regions/Minute
17:58:00.460 WARN  InbreedingCoeff - InbreedingCoeff will not be calculated at position NC_000962.3:1977 and possibly subsequent; at least 10 samples must have called genotypes
17:58:09.685 INFO  ProgressMeter -   NC_000962.3:247357              0.2                   930           5550.0
17:58:19.697 INFO  ProgressMeter -   NC_000962.3:603613              0.3                  2230           6668.0
17:58:29.783 INFO  ProgressMeter -  NC_000962.3:1011448              0.5                  3720           7402.5
17:58:39.832 INFO  ProgressMeter -  NC_000962.3:1440049              0.7                  5300           7910.3
17:58:49.857 INFO  ProgressMeter -  NC_000962.3:1881979              0.8                  6930           8278.7
17:58:59.883 INFO  ProgressMeter -  NC_000962.3:2296080              1.0                  8470           8434.6
17:59:09.903 INFO  ProgressMeter -  NC_000962.3:2706442              1.2                  9970           8512.6
17:59:19.932 INFO  ProgressMeter -  NC_000962.3:3141296              1.3                 11570           8645.0
17:59:29.948 INFO  ProgressMeter -  NC_000962.3:3557332              1.5                 13080           8689.4
17:59:39.982 INFO  ProgressMeter -  NC_000962.3:4024835              1.7                 14800           8848.9
17:59:49.644 INFO  HaplotypeCaller - 22442 read(s) filtered by: MappingQualityReadFilter 
0 read(s) filtered by: MappingQualityAvailableReadFilter 
0 read(s) filtered by: MappedReadFilter 
0 read(s) filtered by: NotSecondaryAlignmentReadFilter 
42272 read(s) filtered by: NotDuplicateReadFilter 
0 read(s) filtered by: PassesVendorQualityCheckReadFilter 
0 read(s) filtered by: NonZeroReferenceLengthAlignmentReadFilter 
0 read(s) filtered by: GoodCigarReadFilter 
0 read(s) filtered by: WellformedReadFilter 
64714 total reads filtered out of 2012176 reads processed
17:59:49.644 INFO  ProgressMeter -  NC_000962.3:4409694              1.8                 16216           8844.0
17:59:49.644 INFO  ProgressMeter - Traversal complete. Processed 16216 total regions in 1.8 minutes.
17:59:49.647 INFO  VectorLoglessPairHMM - Time spent in setup for JNI call : 0.045373681000000006
17:59:49.648 INFO  PairHMM - Total compute time in PairHMM computeLogLikelihoods() : 1.460057186
17:59:49.648 INFO  SmithWatermanAligner - Total compute time in java Smith-Waterman : 3.27 sec
17:59:49.648 INFO  HaplotypeCaller - Shutting down engine
[16 de novembro de 2025 17:59:49 BRT] org.broadinstitute.hellbender.tools.walkers.haplotypecaller.HaplotypeCaller done. Elapsed time: 1.84 minutes.
Runtime.totalMemory()=465567744
