Using GATK jar /home/nailasoler/gatk-4.4.0.0/gatk-package-4.4.0.0-local.jar
Running:
    java -Dsamjdk.use_async_io_read_samtools=false -Dsamjdk.use_async_io_write_samtools=true -Dsamjdk.use_async_io_write_tribble=false -Dsamjdk.compression_level=2 -jar /home/nailasoler/gatk-4.4.0.0/gatk-package-4.4.0.0-local.jar HaplotypeCaller -R mtbRef/NC0009623.fasta -I bwa/SRR34768860/SRR34768860.bam -O gatk/SRR34768860/SRR34768860.g.vcf.gz -ERC GVCF -A FisherStrand -A StrandOddsRatio -A QualByDepth -A MappingQualityRankSumTest -A ReadPosRankSumTest -A DepthPerAlleleBySample -A Coverage
18:24:16.143 INFO  NativeLibraryLoader - Loading libgkl_compression.so from jar:file:/home/nailasoler/gatk-4.4.0.0/gatk-package-4.4.0.0-local.jar!/com/intel/gkl/native/libgkl_compression.so
18:24:16.199 INFO  HaplotypeCaller - ------------------------------------------------------------
18:24:16.202 INFO  HaplotypeCaller - The Genome Analysis Toolkit (GATK) v4.4.0.0
18:24:16.202 INFO  HaplotypeCaller - For support and documentation go to https://software.broadinstitute.org/gatk/
18:24:16.202 INFO  HaplotypeCaller - Executing as nailasoler@a21 on Linux v5.15.0-139-generic amd64
18:24:16.203 INFO  HaplotypeCaller - Java runtime: OpenJDK 64-Bit Server VM v21.0.7+6-Ubuntu-0ubuntu120.04
18:24:16.203 INFO  HaplotypeCaller - Start Date/Time: 16 de novembro de 2025 18:24:16 BRT
18:24:16.203 INFO  HaplotypeCaller - ------------------------------------------------------------
18:24:16.203 INFO  HaplotypeCaller - ------------------------------------------------------------
18:24:16.204 INFO  HaplotypeCaller - HTSJDK Version: 3.0.5
18:24:16.204 INFO  HaplotypeCaller - Picard Version: 3.0.0
18:24:16.204 INFO  HaplotypeCaller - Built for Spark Version: 3.3.1
18:24:16.205 INFO  HaplotypeCaller - HTSJDK Defaults.COMPRESSION_LEVEL : 2
18:24:16.205 INFO  HaplotypeCaller - HTSJDK Defaults.USE_ASYNC_IO_READ_FOR_SAMTOOLS : false
18:24:16.205 INFO  HaplotypeCaller - HTSJDK Defaults.USE_ASYNC_IO_WRITE_FOR_SAMTOOLS : true
18:24:16.206 INFO  HaplotypeCaller - HTSJDK Defaults.USE_ASYNC_IO_WRITE_FOR_TRIBBLE : false
18:24:16.206 INFO  HaplotypeCaller - Deflater: IntelDeflater
18:24:16.206 INFO  HaplotypeCaller - Inflater: IntelInflater
18:24:16.206 INFO  HaplotypeCaller - GCS max retries/reopens: 20
18:24:16.206 INFO  HaplotypeCaller - Requester pays: disabled
18:24:16.207 INFO  HaplotypeCaller - Initializing engine
18:24:16.392 INFO  HaplotypeCaller - Done initializing engine
18:24:16.395 INFO  HaplotypeCallerEngine - Tool is in reference confidence mode and the annotation, the following changes will be made to any specified annotations: 'StrandBiasBySample' will be enabled. 'ChromosomeCounts', 'FisherStrand', 'StrandOddsRatio' and 'QualByDepth' annotations have been disabled
18:24:16.401 INFO  HaplotypeCallerEngine - Standard Emitting and Calling confidence set to -0.0 for reference-model confidence output
18:24:16.401 INFO  HaplotypeCallerEngine - All sites annotated with PLs forced to true for reference-model confidence output
18:24:16.413 INFO  NativeLibraryLoader - Loading libgkl_utils.so from jar:file:/home/nailasoler/gatk-4.4.0.0/gatk-package-4.4.0.0-local.jar!/com/intel/gkl/native/libgkl_utils.so
18:24:16.414 INFO  NativeLibraryLoader - Loading libgkl_pairhmm_omp.so from jar:file:/home/nailasoler/gatk-4.4.0.0/gatk-package-4.4.0.0-local.jar!/com/intel/gkl/native/libgkl_pairhmm_omp.so
18:24:16.432 INFO  IntelPairHmm - Flush-to-zero (FTZ) is enabled when running PairHMM
18:24:16.433 INFO  IntelPairHmm - Available threads: 20
18:24:16.433 INFO  IntelPairHmm - Requested threads: 4
18:24:16.433 INFO  PairHMM - Using the OpenMP multi-threaded AVX-accelerated native PairHMM implementation
18:24:16.473 INFO  ProgressMeter - Starting traversal
18:24:16.474 INFO  ProgressMeter -        Current Locus  Elapsed Minutes     Regions Processed   Regions/Minute
18:24:17.187 WARN  InbreedingCoeff - InbreedingCoeff will not be calculated at position NC_000962.3:1977 and possibly subsequent; at least 10 samples must have called genotypes
18:24:26.492 INFO  ProgressMeter -   NC_000962.3:248640              0.2                   920           5510.6
18:24:36.551 INFO  ProgressMeter -   NC_000962.3:549339              0.3                  2010           6006.9
18:24:46.598 INFO  ProgressMeter -   NC_000962.3:913818              0.5                  3340           6652.7
18:24:56.655 INFO  ProgressMeter -  NC_000962.3:1296040              0.7                  4730           7063.0
18:25:06.685 INFO  ProgressMeter -  NC_000962.3:1682328              0.8                  6130           7325.1
18:25:16.708 INFO  ProgressMeter -  NC_000962.3:2074472              1.0                  7550           7520.7
18:25:26.768 INFO  ProgressMeter -  NC_000962.3:2459758              1.2                  8960           7647.9
18:25:36.776 INFO  ProgressMeter -  NC_000962.3:2846463              1.3                 10350           7733.3
18:25:46.790 INFO  ProgressMeter -  NC_000962.3:3219628              1.5                 11710           7779.4
18:25:56.856 INFO  ProgressMeter -  NC_000962.3:3594462              1.7                 13060           7806.2
18:26:06.932 INFO  ProgressMeter -  NC_000962.3:4005645              1.8                 14580           7919.8
18:26:16.974 INFO  ProgressMeter -  NC_000962.3:4370510              2.0                 15890           7912.0
18:26:18.236 INFO  HaplotypeCaller - 26227 read(s) filtered by: MappingQualityReadFilter 
0 read(s) filtered by: MappingQualityAvailableReadFilter 
0 read(s) filtered by: MappedReadFilter 
0 read(s) filtered by: NotSecondaryAlignmentReadFilter 
46378 read(s) filtered by: NotDuplicateReadFilter 
0 read(s) filtered by: PassesVendorQualityCheckReadFilter 
0 read(s) filtered by: NonZeroReferenceLengthAlignmentReadFilter 
0 read(s) filtered by: GoodCigarReadFilter 
0 read(s) filtered by: WellformedReadFilter 
72605 total reads filtered out of 2346207 reads processed
18:26:18.236 INFO  ProgressMeter -  NC_000962.3:4409694              2.0                 16046           7906.9
18:26:18.236 INFO  ProgressMeter - Traversal complete. Processed 16046 total regions in 2.0 minutes.
18:26:18.240 INFO  VectorLoglessPairHMM - Time spent in setup for JNI call : 0.051446008
18:26:18.240 INFO  PairHMM - Total compute time in PairHMM computeLogLikelihoods() : 1.7277697650000001
18:26:18.240 INFO  SmithWatermanAligner - Total compute time in java Smith-Waterman : 2.78 sec
18:26:18.241 INFO  HaplotypeCaller - Shutting down engine
[16 de novembro de 2025 18:26:18 BRT] org.broadinstitute.hellbender.tools.walkers.haplotypecaller.HaplotypeCaller done. Elapsed time: 2.04 minutes.
Runtime.totalMemory()=499122176
