Using GATK jar /home/nailasoler/gatk-4.4.0.0/gatk-package-4.4.0.0-local.jar
Running:
    java -Dsamjdk.use_async_io_read_samtools=false -Dsamjdk.use_async_io_write_samtools=true -Dsamjdk.use_async_io_write_tribble=false -Dsamjdk.compression_level=2 -jar /home/nailasoler/gatk-4.4.0.0/gatk-package-4.4.0.0-local.jar HaplotypeCaller -R mtbRef/NC0009623.fasta -I bwa/SRR34768860/SRR34768860.bam -O gatk/SRR34768860/SRR34768860_gatk.vcf.gz --max-mnp-distance 1 -A FisherStrand -A StrandOddsRatio -A QualByDepth -A MappingQualityRankSumTest -A ReadPosRankSumTest -A DepthPerAlleleBySample -A Coverage
18:26:20.695 INFO  NativeLibraryLoader - Loading libgkl_compression.so from jar:file:/home/nailasoler/gatk-4.4.0.0/gatk-package-4.4.0.0-local.jar!/com/intel/gkl/native/libgkl_compression.so
18:26:20.743 INFO  HaplotypeCaller - ------------------------------------------------------------
18:26:20.746 INFO  HaplotypeCaller - The Genome Analysis Toolkit (GATK) v4.4.0.0
18:26:20.746 INFO  HaplotypeCaller - For support and documentation go to https://software.broadinstitute.org/gatk/
18:26:20.746 INFO  HaplotypeCaller - Executing as nailasoler@a21 on Linux v5.15.0-139-generic amd64
18:26:20.746 INFO  HaplotypeCaller - Java runtime: OpenJDK 64-Bit Server VM v21.0.7+6-Ubuntu-0ubuntu120.04
18:26:20.747 INFO  HaplotypeCaller - Start Date/Time: 16 de novembro de 2025 18:26:20 BRT
18:26:20.747 INFO  HaplotypeCaller - ------------------------------------------------------------
18:26:20.747 INFO  HaplotypeCaller - ------------------------------------------------------------
18:26:20.747 INFO  HaplotypeCaller - HTSJDK Version: 3.0.5
18:26:20.748 INFO  HaplotypeCaller - Picard Version: 3.0.0
18:26:20.748 INFO  HaplotypeCaller - Built for Spark Version: 3.3.1
18:26:20.748 INFO  HaplotypeCaller - HTSJDK Defaults.COMPRESSION_LEVEL : 2
18:26:20.748 INFO  HaplotypeCaller - HTSJDK Defaults.USE_ASYNC_IO_READ_FOR_SAMTOOLS : false
18:26:20.748 INFO  HaplotypeCaller - HTSJDK Defaults.USE_ASYNC_IO_WRITE_FOR_SAMTOOLS : true
18:26:20.749 INFO  HaplotypeCaller - HTSJDK Defaults.USE_ASYNC_IO_WRITE_FOR_TRIBBLE : false
18:26:20.749 INFO  HaplotypeCaller - Deflater: IntelDeflater
18:26:20.749 INFO  HaplotypeCaller - Inflater: IntelInflater
18:26:20.749 INFO  HaplotypeCaller - GCS max retries/reopens: 20
18:26:20.749 INFO  HaplotypeCaller - Requester pays: disabled
18:26:20.749 INFO  HaplotypeCaller - Initializing engine
18:26:20.942 INFO  HaplotypeCaller - Done initializing engine
18:26:20.950 INFO  HaplotypeCallerEngine - Disabling physical phasing, which is supported only for reference-model confidence output
18:26:20.962 INFO  NativeLibraryLoader - Loading libgkl_utils.so from jar:file:/home/nailasoler/gatk-4.4.0.0/gatk-package-4.4.0.0-local.jar!/com/intel/gkl/native/libgkl_utils.so
18:26:20.964 INFO  NativeLibraryLoader - Loading libgkl_pairhmm_omp.so from jar:file:/home/nailasoler/gatk-4.4.0.0/gatk-package-4.4.0.0-local.jar!/com/intel/gkl/native/libgkl_pairhmm_omp.so
18:26:20.980 INFO  IntelPairHmm - Flush-to-zero (FTZ) is enabled when running PairHMM
18:26:20.981 INFO  IntelPairHmm - Available threads: 20
18:26:20.981 INFO  IntelPairHmm - Requested threads: 4
18:26:20.981 INFO  PairHMM - Using the OpenMP multi-threaded AVX-accelerated native PairHMM implementation
18:26:21.012 INFO  ProgressMeter - Starting traversal
18:26:21.016 INFO  ProgressMeter -        Current Locus  Elapsed Minutes     Regions Processed   Regions/Minute
18:26:21.667 WARN  InbreedingCoeff - InbreedingCoeff will not be calculated at position NC_000962.3:1977 and possibly subsequent; at least 10 samples must have called genotypes
18:26:31.053 INFO  ProgressMeter -   NC_000962.3:456133              0.2                  1680          10042.8
18:26:41.067 INFO  ProgressMeter -  NC_000962.3:1182054              0.3                  4320          12927.0
18:26:51.093 INFO  ProgressMeter -  NC_000962.3:1976275              0.5                  7190          14343.2
18:27:01.138 INFO  ProgressMeter -  NC_000962.3:2742961              0.7                  9980          14924.5
18:27:11.142 INFO  ProgressMeter -  NC_000962.3:3509333              0.8                 12750          15261.5
18:27:21.175 INFO  ProgressMeter -  NC_000962.3:4294010              1.0                 15610          15568.7
18:27:22.938 INFO  HaplotypeCaller - 26227 read(s) filtered by: MappingQualityReadFilter 
0 read(s) filtered by: MappingQualityAvailableReadFilter 
0 read(s) filtered by: MappedReadFilter 
0 read(s) filtered by: NotSecondaryAlignmentReadFilter 
46378 read(s) filtered by: NotDuplicateReadFilter 
0 read(s) filtered by: PassesVendorQualityCheckReadFilter 
0 read(s) filtered by: NonZeroReferenceLengthAlignmentReadFilter 
0 read(s) filtered by: GoodCigarReadFilter 
0 read(s) filtered by: WellformedReadFilter 
72605 total reads filtered out of 2346207 reads processed
18:27:22.938 INFO  ProgressMeter -  NC_000962.3:4409694              1.0                 16046          15547.9
18:27:22.938 INFO  ProgressMeter - Traversal complete. Processed 16046 total regions in 1.0 minutes.
18:27:22.943 INFO  VectorLoglessPairHMM - Time spent in setup for JNI call : 0.051620293000000005
18:27:22.943 INFO  PairHMM - Total compute time in PairHMM computeLogLikelihoods() : 1.7009098230000002
18:27:22.943 INFO  SmithWatermanAligner - Total compute time in java Smith-Waterman : 2.77 sec
18:27:22.944 INFO  HaplotypeCaller - Shutting down engine
[16 de novembro de 2025 18:27:22 BRT] org.broadinstitute.hellbender.tools.walkers.haplotypecaller.HaplotypeCaller done. Elapsed time: 1.04 minutes.
Runtime.totalMemory()=465567744
