Using GATK jar /home/nailasoler/gatk-4.4.0.0/gatk-package-4.4.0.0-local.jar
Running:
    java -Dsamjdk.use_async_io_read_samtools=false -Dsamjdk.use_async_io_write_samtools=true -Dsamjdk.use_async_io_write_tribble=false -Dsamjdk.compression_level=2 -jar /home/nailasoler/gatk-4.4.0.0/gatk-package-4.4.0.0-local.jar HaplotypeCaller -R mtbRef/NC0009623.fasta -I bwa/SRR34768852/SRR34768852.bam -O gatk/SRR34768852/SRR34768852_gatk.vcf.gz --max-mnp-distance 1 -A FisherStrand -A StrandOddsRatio -A QualByDepth -A MappingQualityRankSumTest -A ReadPosRankSumTest -A DepthPerAlleleBySample -A Coverage
18:14:14.485 INFO  NativeLibraryLoader - Loading libgkl_compression.so from jar:file:/home/nailasoler/gatk-4.4.0.0/gatk-package-4.4.0.0-local.jar!/com/intel/gkl/native/libgkl_compression.so
18:14:14.556 INFO  HaplotypeCaller - ------------------------------------------------------------
18:14:14.561 INFO  HaplotypeCaller - The Genome Analysis Toolkit (GATK) v4.4.0.0
18:14:14.561 INFO  HaplotypeCaller - For support and documentation go to https://software.broadinstitute.org/gatk/
18:14:14.561 INFO  HaplotypeCaller - Executing as nailasoler@a21 on Linux v5.15.0-139-generic amd64
18:14:14.561 INFO  HaplotypeCaller - Java runtime: OpenJDK 64-Bit Server VM v21.0.7+6-Ubuntu-0ubuntu120.04
18:14:14.562 INFO  HaplotypeCaller - Start Date/Time: 16 de novembro de 2025 18:14:14 BRT
18:14:14.562 INFO  HaplotypeCaller - ------------------------------------------------------------
18:14:14.562 INFO  HaplotypeCaller - ------------------------------------------------------------
18:14:14.563 INFO  HaplotypeCaller - HTSJDK Version: 3.0.5
18:14:14.563 INFO  HaplotypeCaller - Picard Version: 3.0.0
18:14:14.564 INFO  HaplotypeCaller - Built for Spark Version: 3.3.1
18:14:14.564 INFO  HaplotypeCaller - HTSJDK Defaults.COMPRESSION_LEVEL : 2
18:14:14.564 INFO  HaplotypeCaller - HTSJDK Defaults.USE_ASYNC_IO_READ_FOR_SAMTOOLS : false
18:14:14.564 INFO  HaplotypeCaller - HTSJDK Defaults.USE_ASYNC_IO_WRITE_FOR_SAMTOOLS : true
18:14:14.565 INFO  HaplotypeCaller - HTSJDK Defaults.USE_ASYNC_IO_WRITE_FOR_TRIBBLE : false
18:14:14.565 INFO  HaplotypeCaller - Deflater: IntelDeflater
18:14:14.565 INFO  HaplotypeCaller - Inflater: IntelInflater
18:14:14.565 INFO  HaplotypeCaller - GCS max retries/reopens: 20
18:14:14.565 INFO  HaplotypeCaller - Requester pays: disabled
18:14:14.566 INFO  HaplotypeCaller - Initializing engine
18:14:14.763 INFO  HaplotypeCaller - Done initializing engine
18:14:14.769 INFO  HaplotypeCallerEngine - Disabling physical phasing, which is supported only for reference-model confidence output
18:14:14.780 INFO  NativeLibraryLoader - Loading libgkl_utils.so from jar:file:/home/nailasoler/gatk-4.4.0.0/gatk-package-4.4.0.0-local.jar!/com/intel/gkl/native/libgkl_utils.so
18:14:14.782 INFO  NativeLibraryLoader - Loading libgkl_pairhmm_omp.so from jar:file:/home/nailasoler/gatk-4.4.0.0/gatk-package-4.4.0.0-local.jar!/com/intel/gkl/native/libgkl_pairhmm_omp.so
18:14:14.797 INFO  IntelPairHmm - Flush-to-zero (FTZ) is enabled when running PairHMM
18:14:14.798 INFO  IntelPairHmm - Available threads: 20
18:14:14.798 INFO  IntelPairHmm - Requested threads: 4
18:14:14.798 INFO  PairHMM - Using the OpenMP multi-threaded AVX-accelerated native PairHMM implementation
18:14:14.824 INFO  ProgressMeter - Starting traversal
18:14:14.825 INFO  ProgressMeter -        Current Locus  Elapsed Minutes     Regions Processed   Regions/Minute
18:14:15.671 WARN  InbreedingCoeff - InbreedingCoeff will not be calculated at position NC_000962.3:1518 and possibly subsequent; at least 10 samples must have called genotypes
18:14:25.098 INFO  ProgressMeter -   NC_000962.3:231077              0.2                   870           5081.8
18:14:35.121 INFO  ProgressMeter -   NC_000962.3:493873              0.3                  1850           5469.3
18:14:45.133 INFO  ProgressMeter -   NC_000962.3:859089              0.5                  3180           6295.4
18:14:55.136 INFO  ProgressMeter -  NC_000962.3:1226211              0.7                  4540           6757.5
18:15:05.181 INFO  ProgressMeter -  NC_000962.3:1622929              0.8                  5970           7113.4
18:15:15.193 INFO  ProgressMeter -  NC_000962.3:2019905              1.0                  7410           7364.8
18:15:25.226 INFO  ProgressMeter -  NC_000962.3:2369811              1.2                  8710           7423.2
18:15:35.241 INFO  ProgressMeter -  NC_000962.3:2759336              1.3                 10120           7550.7
18:15:45.298 INFO  ProgressMeter -  NC_000962.3:3145386              1.5                 11540           7653.1
18:15:55.332 INFO  ProgressMeter -  NC_000962.3:3537762              1.7                 12950           7730.8
18:16:05.394 INFO  ProgressMeter -  NC_000962.3:3900546              1.8                 14290           7754.5
18:16:15.402 INFO  ProgressMeter -  NC_000962.3:4294310              2.0                 15730           7827.4
18:16:18.699 INFO  HaplotypeCaller - 54184 read(s) filtered by: MappingQualityReadFilter 
0 read(s) filtered by: MappingQualityAvailableReadFilter 
0 read(s) filtered by: MappedReadFilter 
0 read(s) filtered by: NotSecondaryAlignmentReadFilter 
495274 read(s) filtered by: NotDuplicateReadFilter 
0 read(s) filtered by: PassesVendorQualityCheckReadFilter 
0 read(s) filtered by: NonZeroReferenceLengthAlignmentReadFilter 
0 read(s) filtered by: GoodCigarReadFilter 
0 read(s) filtered by: WellformedReadFilter 
549458 total reads filtered out of 4542360 reads processed
18:16:18.699 INFO  ProgressMeter -  NC_000962.3:4410238              2.1                 16165           7829.7
18:16:18.699 INFO  ProgressMeter - Traversal complete. Processed 16165 total regions in 2.1 minutes.
18:16:18.703 INFO  VectorLoglessPairHMM - Time spent in setup for JNI call : 0.09439786300000001
18:16:18.703 INFO  PairHMM - Total compute time in PairHMM computeLogLikelihoods() : 6.563677070000001
18:16:18.703 INFO  SmithWatermanAligner - Total compute time in java Smith-Waterman : 12.66 sec
18:16:18.704 INFO  HaplotypeCaller - Shutting down engine
[16 de novembro de 2025 18:16:18 BRT] org.broadinstitute.hellbender.tools.walkers.haplotypecaller.HaplotypeCaller done. Elapsed time: 2.07 minutes.
Runtime.totalMemory()=465567744
