Using GATK jar /home/nailasoler/gatk-4.4.0.0/gatk-package-4.4.0.0-local.jar
Running:
    java -Dsamjdk.use_async_io_read_samtools=false -Dsamjdk.use_async_io_write_samtools=true -Dsamjdk.use_async_io_write_tribble=false -Dsamjdk.compression_level=2 -jar /home/nailasoler/gatk-4.4.0.0/gatk-package-4.4.0.0-local.jar HaplotypeCaller -R mtbRef/NC0009623.fasta -I bwa/SRR34768875/SRR34768875.bam -O gatk/SRR34768875/SRR34768875.g.vcf.gz -ERC GVCF -A FisherStrand -A StrandOddsRatio -A QualByDepth -A MappingQualityRankSumTest -A ReadPosRankSumTest -A DepthPerAlleleBySample -A Coverage
18:27:25.486 INFO  NativeLibraryLoader - Loading libgkl_compression.so from jar:file:/home/nailasoler/gatk-4.4.0.0/gatk-package-4.4.0.0-local.jar!/com/intel/gkl/native/libgkl_compression.so
18:27:25.535 INFO  HaplotypeCaller - ------------------------------------------------------------
18:27:25.538 INFO  HaplotypeCaller - The Genome Analysis Toolkit (GATK) v4.4.0.0
18:27:25.538 INFO  HaplotypeCaller - For support and documentation go to https://software.broadinstitute.org/gatk/
18:27:25.539 INFO  HaplotypeCaller - Executing as nailasoler@a21 on Linux v5.15.0-139-generic amd64
18:27:25.539 INFO  HaplotypeCaller - Java runtime: OpenJDK 64-Bit Server VM v21.0.7+6-Ubuntu-0ubuntu120.04
18:27:25.539 INFO  HaplotypeCaller - Start Date/Time: 16 de novembro de 2025 18:27:25 BRT
18:27:25.539 INFO  HaplotypeCaller - ------------------------------------------------------------
18:27:25.539 INFO  HaplotypeCaller - ------------------------------------------------------------
18:27:25.540 INFO  HaplotypeCaller - HTSJDK Version: 3.0.5
18:27:25.540 INFO  HaplotypeCaller - Picard Version: 3.0.0
18:27:25.540 INFO  HaplotypeCaller - Built for Spark Version: 3.3.1
18:27:25.540 INFO  HaplotypeCaller - HTSJDK Defaults.COMPRESSION_LEVEL : 2
18:27:25.540 INFO  HaplotypeCaller - HTSJDK Defaults.USE_ASYNC_IO_READ_FOR_SAMTOOLS : false
18:27:25.541 INFO  HaplotypeCaller - HTSJDK Defaults.USE_ASYNC_IO_WRITE_FOR_SAMTOOLS : true
18:27:25.541 INFO  HaplotypeCaller - HTSJDK Defaults.USE_ASYNC_IO_WRITE_FOR_TRIBBLE : false
18:27:25.541 INFO  HaplotypeCaller - Deflater: IntelDeflater
18:27:25.541 INFO  HaplotypeCaller - Inflater: IntelInflater
18:27:25.541 INFO  HaplotypeCaller - GCS max retries/reopens: 20
18:27:25.541 INFO  HaplotypeCaller - Requester pays: disabled
18:27:25.542 INFO  HaplotypeCaller - Initializing engine
18:27:25.697 INFO  HaplotypeCaller - Done initializing engine
18:27:25.698 INFO  HaplotypeCallerEngine - Tool is in reference confidence mode and the annotation, the following changes will be made to any specified annotations: 'StrandBiasBySample' will be enabled. 'ChromosomeCounts', 'FisherStrand', 'StrandOddsRatio' and 'QualByDepth' annotations have been disabled
18:27:25.704 INFO  HaplotypeCallerEngine - Standard Emitting and Calling confidence set to -0.0 for reference-model confidence output
18:27:25.704 INFO  HaplotypeCallerEngine - All sites annotated with PLs forced to true for reference-model confidence output
18:27:25.715 INFO  NativeLibraryLoader - Loading libgkl_utils.so from jar:file:/home/nailasoler/gatk-4.4.0.0/gatk-package-4.4.0.0-local.jar!/com/intel/gkl/native/libgkl_utils.so
18:27:25.716 INFO  NativeLibraryLoader - Loading libgkl_pairhmm_omp.so from jar:file:/home/nailasoler/gatk-4.4.0.0/gatk-package-4.4.0.0-local.jar!/com/intel/gkl/native/libgkl_pairhmm_omp.so
18:27:25.734 INFO  IntelPairHmm - Flush-to-zero (FTZ) is enabled when running PairHMM
18:27:25.734 INFO  IntelPairHmm - Available threads: 20
18:27:25.734 INFO  IntelPairHmm - Requested threads: 4
18:27:25.734 INFO  PairHMM - Using the OpenMP multi-threaded AVX-accelerated native PairHMM implementation
18:27:25.774 INFO  ProgressMeter - Starting traversal
18:27:25.775 INFO  ProgressMeter -        Current Locus  Elapsed Minutes     Regions Processed   Regions/Minute
18:27:26.561 WARN  InbreedingCoeff - InbreedingCoeff will not be calculated at position NC_000962.3:1486 and possibly subsequent; at least 10 samples must have called genotypes
18:27:35.842 INFO  ProgressMeter -   NC_000962.3:277899              0.2                  1030           6138.9
18:27:45.871 INFO  ProgressMeter -   NC_000962.3:622458              0.3                  2300           6867.0
18:27:55.924 INFO  ProgressMeter -  NC_000962.3:1020137              0.5                  3760           7482.8
18:28:05.986 INFO  ProgressMeter -  NC_000962.3:1447261              0.7                  5330           7953.0
18:28:15.994 INFO  ProgressMeter -  NC_000962.3:1875928              0.8                  6890           8231.9
18:28:26.076 INFO  ProgressMeter -  NC_000962.3:2302371              1.0                  8450           8407.8
18:28:36.089 INFO  ProgressMeter -  NC_000962.3:2737672              1.2                 10020           8550.2
18:28:46.105 INFO  ProgressMeter -  NC_000962.3:3184783              1.3                 11660           8709.1
18:28:56.134 INFO  ProgressMeter -  NC_000962.3:3614079              1.5                 13200           8765.1
18:29:06.133 INFO  ProgressMeter -  NC_000962.3:3878359              1.7                 14170           8471.7
18:29:16.178 INFO  ProgressMeter -  NC_000962.3:4325488              1.8                 15810           8592.2
18:29:18.283 INFO  HaplotypeCaller - 23137 read(s) filtered by: MappingQualityReadFilter 
0 read(s) filtered by: MappingQualityAvailableReadFilter 
0 read(s) filtered by: MappedReadFilter 
0 read(s) filtered by: NotSecondaryAlignmentReadFilter 
241620 read(s) filtered by: NotDuplicateReadFilter 
0 read(s) filtered by: PassesVendorQualityCheckReadFilter 
0 read(s) filtered by: NonZeroReferenceLengthAlignmentReadFilter 
0 read(s) filtered by: GoodCigarReadFilter 
0 read(s) filtered by: WellformedReadFilter 
264757 total reads filtered out of 2045693 reads processed
18:29:18.284 INFO  ProgressMeter -  NC_000962.3:4409005              1.9                 16129           8601.4
18:29:18.284 INFO  ProgressMeter - Traversal complete. Processed 16129 total regions in 1.9 minutes.
18:29:18.287 INFO  VectorLoglessPairHMM - Time spent in setup for JNI call : 0.050181825000000006
18:29:18.287 INFO  PairHMM - Total compute time in PairHMM computeLogLikelihoods() : 3.2445382
18:29:18.287 INFO  SmithWatermanAligner - Total compute time in java Smith-Waterman : 7.65 sec
18:29:18.288 INFO  HaplotypeCaller - Shutting down engine
[16 de novembro de 2025 18:29:18 BRT] org.broadinstitute.hellbender.tools.walkers.haplotypecaller.HaplotypeCaller done. Elapsed time: 1.88 minutes.
Runtime.totalMemory()=536870912
