Using GATK jar /home/nailasoler/gatk-4.4.0.0/gatk-package-4.4.0.0-local.jar
Running:
    java -Dsamjdk.use_async_io_read_samtools=false -Dsamjdk.use_async_io_write_samtools=true -Dsamjdk.use_async_io_write_tribble=false -Dsamjdk.compression_level=2 -jar /home/nailasoler/gatk-4.4.0.0/gatk-package-4.4.0.0-local.jar HaplotypeCaller -R mtbRef/NC0009623.fasta -I bwa/SRR34768817/SRR34768817.bam -O gatk/SRR34768817/SRR34768817.g.vcf.gz -ERC GVCF -A FisherStrand -A StrandOddsRatio -A QualByDepth -A MappingQualityRankSumTest -A ReadPosRankSumTest -A DepthPerAlleleBySample -A Coverage
17:55:24.628 INFO  NativeLibraryLoader - Loading libgkl_compression.so from jar:file:/home/nailasoler/gatk-4.4.0.0/gatk-package-4.4.0.0-local.jar!/com/intel/gkl/native/libgkl_compression.so
17:55:24.677 INFO  HaplotypeCaller - ------------------------------------------------------------
17:55:24.680 INFO  HaplotypeCaller - The Genome Analysis Toolkit (GATK) v4.4.0.0
17:55:24.680 INFO  HaplotypeCaller - For support and documentation go to https://software.broadinstitute.org/gatk/
17:55:24.680 INFO  HaplotypeCaller - Executing as nailasoler@a21 on Linux v5.15.0-139-generic amd64
17:55:24.680 INFO  HaplotypeCaller - Java runtime: OpenJDK 64-Bit Server VM v21.0.7+6-Ubuntu-0ubuntu120.04
17:55:24.680 INFO  HaplotypeCaller - Start Date/Time: 16 de novembro de 2025 17:55:24 BRT
17:55:24.681 INFO  HaplotypeCaller - ------------------------------------------------------------
17:55:24.681 INFO  HaplotypeCaller - ------------------------------------------------------------
17:55:24.681 INFO  HaplotypeCaller - HTSJDK Version: 3.0.5
17:55:24.681 INFO  HaplotypeCaller - Picard Version: 3.0.0
17:55:24.682 INFO  HaplotypeCaller - Built for Spark Version: 3.3.1
17:55:24.682 INFO  HaplotypeCaller - HTSJDK Defaults.COMPRESSION_LEVEL : 2
17:55:24.682 INFO  HaplotypeCaller - HTSJDK Defaults.USE_ASYNC_IO_READ_FOR_SAMTOOLS : false
17:55:24.682 INFO  HaplotypeCaller - HTSJDK Defaults.USE_ASYNC_IO_WRITE_FOR_SAMTOOLS : true
17:55:24.682 INFO  HaplotypeCaller - HTSJDK Defaults.USE_ASYNC_IO_WRITE_FOR_TRIBBLE : false
17:55:24.683 INFO  HaplotypeCaller - Deflater: IntelDeflater
17:55:24.683 INFO  HaplotypeCaller - Inflater: IntelInflater
17:55:24.683 INFO  HaplotypeCaller - GCS max retries/reopens: 20
17:55:24.683 INFO  HaplotypeCaller - Requester pays: disabled
17:55:24.683 INFO  HaplotypeCaller - Initializing engine
17:55:24.853 INFO  HaplotypeCaller - Done initializing engine
17:55:24.855 INFO  HaplotypeCallerEngine - Tool is in reference confidence mode and the annotation, the following changes will be made to any specified annotations: 'StrandBiasBySample' will be enabled. 'ChromosomeCounts', 'FisherStrand', 'StrandOddsRatio' and 'QualByDepth' annotations have been disabled
17:55:24.862 INFO  HaplotypeCallerEngine - Standard Emitting and Calling confidence set to -0.0 for reference-model confidence output
17:55:24.863 INFO  HaplotypeCallerEngine - All sites annotated with PLs forced to true for reference-model confidence output
17:55:24.878 INFO  NativeLibraryLoader - Loading libgkl_utils.so from jar:file:/home/nailasoler/gatk-4.4.0.0/gatk-package-4.4.0.0-local.jar!/com/intel/gkl/native/libgkl_utils.so
17:55:24.880 INFO  NativeLibraryLoader - Loading libgkl_pairhmm_omp.so from jar:file:/home/nailasoler/gatk-4.4.0.0/gatk-package-4.4.0.0-local.jar!/com/intel/gkl/native/libgkl_pairhmm_omp.so
17:55:24.900 INFO  IntelPairHmm - Flush-to-zero (FTZ) is enabled when running PairHMM
17:55:24.901 INFO  IntelPairHmm - Available threads: 20
17:55:24.901 INFO  IntelPairHmm - Requested threads: 4
17:55:24.901 INFO  PairHMM - Using the OpenMP multi-threaded AVX-accelerated native PairHMM implementation
17:55:24.942 INFO  ProgressMeter - Starting traversal
17:55:24.942 INFO  ProgressMeter -        Current Locus  Elapsed Minutes     Regions Processed   Regions/Minute
17:55:25.736 WARN  InbreedingCoeff - InbreedingCoeff will not be calculated at position NC_000962.3:1977 and possibly subsequent; at least 10 samples must have called genotypes
17:55:34.956 INFO  ProgressMeter -   NC_000962.3:283652              0.2                  1050           6291.2
17:55:44.961 INFO  ProgressMeter -   NC_000962.3:681825              0.3                  2510           7522.9
17:55:55.035 INFO  ProgressMeter -  NC_000962.3:1151223              0.5                  4250           8473.7
17:56:05.036 INFO  ProgressMeter -  NC_000962.3:1620187              0.7                  5960           8919.0
17:56:15.058 INFO  ProgressMeter -  NC_000962.3:2115867              0.8                  7770           9302.4
17:56:20.564 WARN  DepthPerSampleHC - Annotation will not be calculated at position NC_000962.3:2366768 and possibly subsequent; genotype for sample SRR34768817 is not called
17:56:20.564 WARN  StrandBiasBySample - Annotation will not be calculated at position NC_000962.3:2366768 and possibly subsequent; genotype for sample SRR34768817 is not called
17:56:25.061 INFO  ProgressMeter -  NC_000962.3:2581694              1.0                  9490           9471.2
17:56:35.072 INFO  ProgressMeter -  NC_000962.3:3060781              1.2                 11250           9625.0
17:56:45.115 INFO  ProgressMeter -  NC_000962.3:3530351              1.3                 12950           9691.5
17:56:55.184 INFO  ProgressMeter -  NC_000962.3:4044599              1.5                 14860           9880.1
17:57:03.299 INFO  HaplotypeCaller - 20455 read(s) filtered by: MappingQualityReadFilter 
0 read(s) filtered by: MappingQualityAvailableReadFilter 
0 read(s) filtered by: MappedReadFilter 
0 read(s) filtered by: NotSecondaryAlignmentReadFilter 
30304 read(s) filtered by: NotDuplicateReadFilter 
0 read(s) filtered by: PassesVendorQualityCheckReadFilter 
0 read(s) filtered by: NonZeroReferenceLengthAlignmentReadFilter 
0 read(s) filtered by: GoodCigarReadFilter 
0 read(s) filtered by: WellformedReadFilter 
50759 total reads filtered out of 1768803 reads processed
17:57:03.299 INFO  ProgressMeter -  NC_000962.3:4409694              1.6                 16198           9881.1
17:57:03.299 INFO  ProgressMeter - Traversal complete. Processed 16198 total regions in 1.6 minutes.
17:57:03.302 INFO  VectorLoglessPairHMM - Time spent in setup for JNI call : 0.040531754
17:57:03.302 INFO  PairHMM - Total compute time in PairHMM computeLogLikelihoods() : 1.534647938
17:57:03.303 INFO  SmithWatermanAligner - Total compute time in java Smith-Waterman : 3.20 sec
17:57:03.303 INFO  HaplotypeCaller - Shutting down engine
[16 de novembro de 2025 17:57:03 BRT] org.broadinstitute.hellbender.tools.walkers.haplotypecaller.HaplotypeCaller done. Elapsed time: 1.65 minutes.
Runtime.totalMemory()=499122176
