Using GATK jar /home/nailasoler/gatk-4.4.0.0/gatk-package-4.4.0.0-local.jar
Running:
    java -Dsamjdk.use_async_io_read_samtools=false -Dsamjdk.use_async_io_write_samtools=true -Dsamjdk.use_async_io_write_tribble=false -Dsamjdk.compression_level=2 -jar /home/nailasoler/gatk-4.4.0.0/gatk-package-4.4.0.0-local.jar HaplotypeCaller -R mtbRef/NC0009623.fasta -I bwa/SRR34768817/SRR34768817.bam -O gatk/SRR34768817/SRR34768817_gatk.vcf.gz --max-mnp-distance 1 -A FisherStrand -A StrandOddsRatio -A QualByDepth -A MappingQualityRankSumTest -A ReadPosRankSumTest -A DepthPerAlleleBySample -A Coverage
17:57:05.800 INFO  NativeLibraryLoader - Loading libgkl_compression.so from jar:file:/home/nailasoler/gatk-4.4.0.0/gatk-package-4.4.0.0-local.jar!/com/intel/gkl/native/libgkl_compression.so
17:57:05.862 INFO  HaplotypeCaller - ------------------------------------------------------------
17:57:05.865 INFO  HaplotypeCaller - The Genome Analysis Toolkit (GATK) v4.4.0.0
17:57:05.865 INFO  HaplotypeCaller - For support and documentation go to https://software.broadinstitute.org/gatk/
17:57:05.865 INFO  HaplotypeCaller - Executing as nailasoler@a21 on Linux v5.15.0-139-generic amd64
17:57:05.866 INFO  HaplotypeCaller - Java runtime: OpenJDK 64-Bit Server VM v21.0.7+6-Ubuntu-0ubuntu120.04
17:57:05.866 INFO  HaplotypeCaller - Start Date/Time: 16 de novembro de 2025 17:57:05 BRT
17:57:05.866 INFO  HaplotypeCaller - ------------------------------------------------------------
17:57:05.866 INFO  HaplotypeCaller - ------------------------------------------------------------
17:57:05.867 INFO  HaplotypeCaller - HTSJDK Version: 3.0.5
17:57:05.867 INFO  HaplotypeCaller - Picard Version: 3.0.0
17:57:05.867 INFO  HaplotypeCaller - Built for Spark Version: 3.3.1
17:57:05.867 INFO  HaplotypeCaller - HTSJDK Defaults.COMPRESSION_LEVEL : 2
17:57:05.867 INFO  HaplotypeCaller - HTSJDK Defaults.USE_ASYNC_IO_READ_FOR_SAMTOOLS : false
17:57:05.867 INFO  HaplotypeCaller - HTSJDK Defaults.USE_ASYNC_IO_WRITE_FOR_SAMTOOLS : true
17:57:05.868 INFO  HaplotypeCaller - HTSJDK Defaults.USE_ASYNC_IO_WRITE_FOR_TRIBBLE : false
17:57:05.868 INFO  HaplotypeCaller - Deflater: IntelDeflater
17:57:05.868 INFO  HaplotypeCaller - Inflater: IntelInflater
17:57:05.868 INFO  HaplotypeCaller - GCS max retries/reopens: 20
17:57:05.868 INFO  HaplotypeCaller - Requester pays: disabled
17:57:05.868 INFO  HaplotypeCaller - Initializing engine
17:57:06.028 INFO  HaplotypeCaller - Done initializing engine
17:57:06.035 INFO  HaplotypeCallerEngine - Disabling physical phasing, which is supported only for reference-model confidence output
17:57:06.047 INFO  NativeLibraryLoader - Loading libgkl_utils.so from jar:file:/home/nailasoler/gatk-4.4.0.0/gatk-package-4.4.0.0-local.jar!/com/intel/gkl/native/libgkl_utils.so
17:57:06.048 INFO  NativeLibraryLoader - Loading libgkl_pairhmm_omp.so from jar:file:/home/nailasoler/gatk-4.4.0.0/gatk-package-4.4.0.0-local.jar!/com/intel/gkl/native/libgkl_pairhmm_omp.so
17:57:06.065 INFO  IntelPairHmm - Flush-to-zero (FTZ) is enabled when running PairHMM
17:57:06.065 INFO  IntelPairHmm - Available threads: 20
17:57:06.065 INFO  IntelPairHmm - Requested threads: 4
17:57:06.065 INFO  PairHMM - Using the OpenMP multi-threaded AVX-accelerated native PairHMM implementation
17:57:06.097 INFO  ProgressMeter - Starting traversal
17:57:06.098 INFO  ProgressMeter -        Current Locus  Elapsed Minutes     Regions Processed   Regions/Minute
17:57:06.704 WARN  InbreedingCoeff - InbreedingCoeff will not be calculated at position NC_000962.3:1977 and possibly subsequent; at least 10 samples must have called genotypes
17:57:16.103 INFO  ProgressMeter -   NC_000962.3:607497              0.2                  2230          13374.7
17:57:26.135 INFO  ProgressMeter -  NC_000962.3:1530231              0.3                  5630          16858.8
17:57:36.137 INFO  ProgressMeter -  NC_000962.3:2519060              0.5                  9260          18496.0
17:57:46.174 INFO  ProgressMeter -  NC_000962.3:3478172              0.7                 12760          19103.7
17:57:56.181 INFO  ProgressMeter -  NC_000962.3:4365204              0.8                 16020          19192.1
17:57:56.794 INFO  HaplotypeCaller - 20455 read(s) filtered by: MappingQualityReadFilter 
0 read(s) filtered by: MappingQualityAvailableReadFilter 
0 read(s) filtered by: MappedReadFilter 
0 read(s) filtered by: NotSecondaryAlignmentReadFilter 
30304 read(s) filtered by: NotDuplicateReadFilter 
0 read(s) filtered by: PassesVendorQualityCheckReadFilter 
0 read(s) filtered by: NonZeroReferenceLengthAlignmentReadFilter 
0 read(s) filtered by: GoodCigarReadFilter 
0 read(s) filtered by: WellformedReadFilter 
50759 total reads filtered out of 1768803 reads processed
17:57:56.794 INFO  ProgressMeter -  NC_000962.3:4409694              0.8                 16198          19170.7
17:57:56.794 INFO  ProgressMeter - Traversal complete. Processed 16198 total regions in 0.8 minutes.
17:57:56.799 INFO  VectorLoglessPairHMM - Time spent in setup for JNI call : 0.040898508
17:57:56.800 INFO  PairHMM - Total compute time in PairHMM computeLogLikelihoods() : 1.56293801
17:57:56.800 INFO  SmithWatermanAligner - Total compute time in java Smith-Waterman : 3.22 sec
17:57:56.801 INFO  HaplotypeCaller - Shutting down engine
[16 de novembro de 2025 17:57:56 BRT] org.broadinstitute.hellbender.tools.walkers.haplotypecaller.HaplotypeCaller done. Elapsed time: 0.85 minutes.
Runtime.totalMemory()=494927872
