Using GATK jar /home/nailasoler/gatk-4.4.0.0/gatk-package-4.4.0.0-local.jar
Running:
    java -Dsamjdk.use_async_io_read_samtools=false -Dsamjdk.use_async_io_write_samtools=true -Dsamjdk.use_async_io_write_tribble=false -Dsamjdk.compression_level=2 -jar /home/nailasoler/gatk-4.4.0.0/gatk-package-4.4.0.0-local.jar HaplotypeCaller -R mtbRef/NC0009623.fasta -I bwa/SRR34768857/SRR34768857.bam -O gatk/SRR34768857/SRR34768857_gatk.vcf.gz --max-mnp-distance 1 -A FisherStrand -A StrandOddsRatio -A QualByDepth -A MappingQualityRankSumTest -A ReadPosRankSumTest -A DepthPerAlleleBySample -A Coverage
18:22:55.109 INFO  NativeLibraryLoader - Loading libgkl_compression.so from jar:file:/home/nailasoler/gatk-4.4.0.0/gatk-package-4.4.0.0-local.jar!/com/intel/gkl/native/libgkl_compression.so
18:22:55.163 INFO  HaplotypeCaller - ------------------------------------------------------------
18:22:55.167 INFO  HaplotypeCaller - The Genome Analysis Toolkit (GATK) v4.4.0.0
18:22:55.167 INFO  HaplotypeCaller - For support and documentation go to https://software.broadinstitute.org/gatk/
18:22:55.167 INFO  HaplotypeCaller - Executing as nailasoler@a21 on Linux v5.15.0-139-generic amd64
18:22:55.167 INFO  HaplotypeCaller - Java runtime: OpenJDK 64-Bit Server VM v21.0.7+6-Ubuntu-0ubuntu120.04
18:22:55.168 INFO  HaplotypeCaller - Start Date/Time: 16 de novembro de 2025 18:22:55 BRT
18:22:55.168 INFO  HaplotypeCaller - ------------------------------------------------------------
18:22:55.168 INFO  HaplotypeCaller - ------------------------------------------------------------
18:22:55.169 INFO  HaplotypeCaller - HTSJDK Version: 3.0.5
18:22:55.169 INFO  HaplotypeCaller - Picard Version: 3.0.0
18:22:55.169 INFO  HaplotypeCaller - Built for Spark Version: 3.3.1
18:22:55.169 INFO  HaplotypeCaller - HTSJDK Defaults.COMPRESSION_LEVEL : 2
18:22:55.170 INFO  HaplotypeCaller - HTSJDK Defaults.USE_ASYNC_IO_READ_FOR_SAMTOOLS : false
18:22:55.170 INFO  HaplotypeCaller - HTSJDK Defaults.USE_ASYNC_IO_WRITE_FOR_SAMTOOLS : true
18:22:55.170 INFO  HaplotypeCaller - HTSJDK Defaults.USE_ASYNC_IO_WRITE_FOR_TRIBBLE : false
18:22:55.170 INFO  HaplotypeCaller - Deflater: IntelDeflater
18:22:55.170 INFO  HaplotypeCaller - Inflater: IntelInflater
18:22:55.171 INFO  HaplotypeCaller - GCS max retries/reopens: 20
18:22:55.171 INFO  HaplotypeCaller - Requester pays: disabled
18:22:55.171 INFO  HaplotypeCaller - Initializing engine
18:22:55.367 INFO  HaplotypeCaller - Done initializing engine
18:22:55.374 INFO  HaplotypeCallerEngine - Disabling physical phasing, which is supported only for reference-model confidence output
18:22:55.386 INFO  NativeLibraryLoader - Loading libgkl_utils.so from jar:file:/home/nailasoler/gatk-4.4.0.0/gatk-package-4.4.0.0-local.jar!/com/intel/gkl/native/libgkl_utils.so
18:22:55.387 INFO  NativeLibraryLoader - Loading libgkl_pairhmm_omp.so from jar:file:/home/nailasoler/gatk-4.4.0.0/gatk-package-4.4.0.0-local.jar!/com/intel/gkl/native/libgkl_pairhmm_omp.so
18:22:55.403 INFO  IntelPairHmm - Flush-to-zero (FTZ) is enabled when running PairHMM
18:22:55.404 INFO  IntelPairHmm - Available threads: 20
18:22:55.404 INFO  IntelPairHmm - Requested threads: 4
18:22:55.404 INFO  PairHMM - Using the OpenMP multi-threaded AVX-accelerated native PairHMM implementation
18:22:55.433 INFO  ProgressMeter - Starting traversal
18:22:55.434 INFO  ProgressMeter -        Current Locus  Elapsed Minutes     Regions Processed   Regions/Minute
18:22:56.028 WARN  InbreedingCoeff - InbreedingCoeff will not be calculated at position NC_000962.3:1977 and possibly subsequent; at least 10 samples must have called genotypes
18:23:05.443 INFO  ProgressMeter -   NC_000962.3:389373              0.2                  1470           8812.1
18:23:15.451 INFO  ProgressMeter -  NC_000962.3:1005384              0.3                  3750          11240.4
18:23:25.471 INFO  ProgressMeter -  NC_000962.3:1640832              0.5                  6100          12185.0
18:23:35.494 INFO  ProgressMeter -  NC_000962.3:2250017              0.7                  8360          12521.2
18:23:45.519 INFO  ProgressMeter -  NC_000962.3:2816380              0.8                 10480          12554.7
18:23:55.535 INFO  ProgressMeter -  NC_000962.3:3350462              1.0                 12430          12409.1
18:24:05.612 INFO  ProgressMeter -  NC_000962.3:3848419              1.2                 14270          12200.4
18:24:13.658 INFO  HaplotypeCaller - 30172 read(s) filtered by: MappingQualityReadFilter 
0 read(s) filtered by: MappingQualityAvailableReadFilter 
0 read(s) filtered by: MappedReadFilter 
0 read(s) filtered by: NotSecondaryAlignmentReadFilter 
51432 read(s) filtered by: NotDuplicateReadFilter 
0 read(s) filtered by: PassesVendorQualityCheckReadFilter 
0 read(s) filtered by: NonZeroReferenceLengthAlignmentReadFilter 
0 read(s) filtered by: GoodCigarReadFilter 
0 read(s) filtered by: WellformedReadFilter 
81604 total reads filtered out of 2469780 reads processed
18:24:13.658 INFO  ProgressMeter -  NC_000962.3:4411482              1.3                 16360          12548.6
18:24:13.658 INFO  ProgressMeter - Traversal complete. Processed 16360 total regions in 1.3 minutes.
18:24:13.662 INFO  VectorLoglessPairHMM - Time spent in setup for JNI call : 0.06541163700000001
18:24:13.662 INFO  PairHMM - Total compute time in PairHMM computeLogLikelihoods() : 5.356706982
18:24:13.662 INFO  SmithWatermanAligner - Total compute time in java Smith-Waterman : 6.97 sec
18:24:13.663 INFO  HaplotypeCaller - Shutting down engine
[16 de novembro de 2025 18:24:13 BRT] org.broadinstitute.hellbender.tools.walkers.haplotypecaller.HaplotypeCaller done. Elapsed time: 1.31 minutes.
Runtime.totalMemory()=465567744
