Using GATK jar /home/nailasoler/gatk-4.4.0.0/gatk-package-4.4.0.0-local.jar
Running:
    java -Dsamjdk.use_async_io_read_samtools=false -Dsamjdk.use_async_io_write_samtools=true -Dsamjdk.use_async_io_write_tribble=false -Dsamjdk.compression_level=2 -jar /home/nailasoler/gatk-4.4.0.0/gatk-package-4.4.0.0-local.jar HaplotypeCaller -R mtbRef/NC0009623.fasta -I bwa/SRR34768849/SRR34768849.bam -O gatk/SRR34768849/SRR34768849_gatk.vcf.gz --max-mnp-distance 1 -A FisherStrand -A StrandOddsRatio -A QualByDepth -A MappingQualityRankSumTest -A ReadPosRankSumTest -A DepthPerAlleleBySample -A Coverage
18:09:17.329 INFO  NativeLibraryLoader - Loading libgkl_compression.so from jar:file:/home/nailasoler/gatk-4.4.0.0/gatk-package-4.4.0.0-local.jar!/com/intel/gkl/native/libgkl_compression.so
18:09:17.378 INFO  HaplotypeCaller - ------------------------------------------------------------
18:09:17.381 INFO  HaplotypeCaller - The Genome Analysis Toolkit (GATK) v4.4.0.0
18:09:17.381 INFO  HaplotypeCaller - For support and documentation go to https://software.broadinstitute.org/gatk/
18:09:17.381 INFO  HaplotypeCaller - Executing as nailasoler@a21 on Linux v5.15.0-139-generic amd64
18:09:17.382 INFO  HaplotypeCaller - Java runtime: OpenJDK 64-Bit Server VM v21.0.7+6-Ubuntu-0ubuntu120.04
18:09:17.382 INFO  HaplotypeCaller - Start Date/Time: 16 de novembro de 2025 18:09:17 BRT
18:09:17.382 INFO  HaplotypeCaller - ------------------------------------------------------------
18:09:17.382 INFO  HaplotypeCaller - ------------------------------------------------------------
18:09:17.383 INFO  HaplotypeCaller - HTSJDK Version: 3.0.5
18:09:17.383 INFO  HaplotypeCaller - Picard Version: 3.0.0
18:09:17.383 INFO  HaplotypeCaller - Built for Spark Version: 3.3.1
18:09:17.383 INFO  HaplotypeCaller - HTSJDK Defaults.COMPRESSION_LEVEL : 2
18:09:17.383 INFO  HaplotypeCaller - HTSJDK Defaults.USE_ASYNC_IO_READ_FOR_SAMTOOLS : false
18:09:17.384 INFO  HaplotypeCaller - HTSJDK Defaults.USE_ASYNC_IO_WRITE_FOR_SAMTOOLS : true
18:09:17.384 INFO  HaplotypeCaller - HTSJDK Defaults.USE_ASYNC_IO_WRITE_FOR_TRIBBLE : false
18:09:17.384 INFO  HaplotypeCaller - Deflater: IntelDeflater
18:09:17.384 INFO  HaplotypeCaller - Inflater: IntelInflater
18:09:17.384 INFO  HaplotypeCaller - GCS max retries/reopens: 20
18:09:17.384 INFO  HaplotypeCaller - Requester pays: disabled
18:09:17.385 INFO  HaplotypeCaller - Initializing engine
18:09:17.547 INFO  HaplotypeCaller - Done initializing engine
18:09:17.553 INFO  HaplotypeCallerEngine - Disabling physical phasing, which is supported only for reference-model confidence output
18:09:17.564 INFO  NativeLibraryLoader - Loading libgkl_utils.so from jar:file:/home/nailasoler/gatk-4.4.0.0/gatk-package-4.4.0.0-local.jar!/com/intel/gkl/native/libgkl_utils.so
18:09:17.565 INFO  NativeLibraryLoader - Loading libgkl_pairhmm_omp.so from jar:file:/home/nailasoler/gatk-4.4.0.0/gatk-package-4.4.0.0-local.jar!/com/intel/gkl/native/libgkl_pairhmm_omp.so
18:09:17.581 INFO  IntelPairHmm - Flush-to-zero (FTZ) is enabled when running PairHMM
18:09:17.582 INFO  IntelPairHmm - Available threads: 20
18:09:17.582 INFO  IntelPairHmm - Requested threads: 4
18:09:17.582 INFO  PairHMM - Using the OpenMP multi-threaded AVX-accelerated native PairHMM implementation
18:09:17.614 INFO  ProgressMeter - Starting traversal
18:09:17.615 INFO  ProgressMeter -        Current Locus  Elapsed Minutes     Regions Processed   Regions/Minute
18:09:18.217 WARN  InbreedingCoeff - InbreedingCoeff will not be calculated at position NC_000962.3:1163 and possibly subsequent; at least 10 samples must have called genotypes
18:09:27.630 INFO  ProgressMeter -   NC_000962.3:665187              0.2                  2450          14679.4
18:09:37.648 INFO  ProgressMeter -  NC_000962.3:1587787              0.3                  5870          17581.9
18:09:47.659 INFO  ProgressMeter -  NC_000962.3:2550964              0.5                  9420          18813.7
18:09:57.676 INFO  ProgressMeter -  NC_000962.3:3532451              0.7                 13010          19485.8
18:10:05.905 INFO  HaplotypeCaller - 16919 read(s) filtered by: MappingQualityReadFilter 
0 read(s) filtered by: MappingQualityAvailableReadFilter 
0 read(s) filtered by: MappedReadFilter 
0 read(s) filtered by: NotSecondaryAlignmentReadFilter 
17284 read(s) filtered by: NotDuplicateReadFilter 
0 read(s) filtered by: PassesVendorQualityCheckReadFilter 
0 read(s) filtered by: NonZeroReferenceLengthAlignmentReadFilter 
0 read(s) filtered by: GoodCigarReadFilter 
0 read(s) filtered by: WellformedReadFilter 
34203 total reads filtered out of 1567527 reads processed
18:10:05.905 INFO  ProgressMeter -  NC_000962.3:4408794              0.8                 16239          20177.3
18:10:05.905 INFO  ProgressMeter - Traversal complete. Processed 16239 total regions in 0.8 minutes.
18:10:05.909 INFO  VectorLoglessPairHMM - Time spent in setup for JNI call : 0.041587346000000004
18:10:05.909 INFO  PairHMM - Total compute time in PairHMM computeLogLikelihoods() : 1.3333179050000001
18:10:05.909 INFO  SmithWatermanAligner - Total compute time in java Smith-Waterman : 2.95 sec
18:10:05.910 INFO  HaplotypeCaller - Shutting down engine
[16 de novembro de 2025 18:10:05 BRT] org.broadinstitute.hellbender.tools.walkers.haplotypecaller.HaplotypeCaller done. Elapsed time: 0.81 minutes.
Runtime.totalMemory()=499122176
