Using GATK jar /home/nailasoler/gatk-4.4.0.0/gatk-package-4.4.0.0-local.jar
Running:
    java -Dsamjdk.use_async_io_read_samtools=false -Dsamjdk.use_async_io_write_samtools=true -Dsamjdk.use_async_io_write_tribble=false -Dsamjdk.compression_level=2 -jar /home/nailasoler/gatk-4.4.0.0/gatk-package-4.4.0.0-local.jar HaplotypeCaller -R mtbRef/NC0009623.fasta -I bwa/SRR34768849/SRR34768849.bam -O gatk/SRR34768849/SRR34768849.g.vcf.gz -ERC GVCF -A FisherStrand -A StrandOddsRatio -A QualByDepth -A MappingQualityRankSumTest -A ReadPosRankSumTest -A DepthPerAlleleBySample -A Coverage
18:07:37.899 INFO  NativeLibraryLoader - Loading libgkl_compression.so from jar:file:/home/nailasoler/gatk-4.4.0.0/gatk-package-4.4.0.0-local.jar!/com/intel/gkl/native/libgkl_compression.so
18:07:37.966 INFO  HaplotypeCaller - ------------------------------------------------------------
18:07:37.969 INFO  HaplotypeCaller - The Genome Analysis Toolkit (GATK) v4.4.0.0
18:07:37.969 INFO  HaplotypeCaller - For support and documentation go to https://software.broadinstitute.org/gatk/
18:07:37.969 INFO  HaplotypeCaller - Executing as nailasoler@a21 on Linux v5.15.0-139-generic amd64
18:07:37.970 INFO  HaplotypeCaller - Java runtime: OpenJDK 64-Bit Server VM v21.0.7+6-Ubuntu-0ubuntu120.04
18:07:37.970 INFO  HaplotypeCaller - Start Date/Time: 16 de novembro de 2025 18:07:37 BRT
18:07:37.970 INFO  HaplotypeCaller - ------------------------------------------------------------
18:07:37.970 INFO  HaplotypeCaller - ------------------------------------------------------------
18:07:37.971 INFO  HaplotypeCaller - HTSJDK Version: 3.0.5
18:07:37.971 INFO  HaplotypeCaller - Picard Version: 3.0.0
18:07:37.971 INFO  HaplotypeCaller - Built for Spark Version: 3.3.1
18:07:37.972 INFO  HaplotypeCaller - HTSJDK Defaults.COMPRESSION_LEVEL : 2
18:07:37.972 INFO  HaplotypeCaller - HTSJDK Defaults.USE_ASYNC_IO_READ_FOR_SAMTOOLS : false
18:07:37.972 INFO  HaplotypeCaller - HTSJDK Defaults.USE_ASYNC_IO_WRITE_FOR_SAMTOOLS : true
18:07:37.972 INFO  HaplotypeCaller - HTSJDK Defaults.USE_ASYNC_IO_WRITE_FOR_TRIBBLE : false
18:07:37.972 INFO  HaplotypeCaller - Deflater: IntelDeflater
18:07:37.972 INFO  HaplotypeCaller - Inflater: IntelInflater
18:07:37.973 INFO  HaplotypeCaller - GCS max retries/reopens: 20
18:07:37.973 INFO  HaplotypeCaller - Requester pays: disabled
18:07:37.973 INFO  HaplotypeCaller - Initializing engine
18:07:38.171 INFO  HaplotypeCaller - Done initializing engine
18:07:38.174 INFO  HaplotypeCallerEngine - Tool is in reference confidence mode and the annotation, the following changes will be made to any specified annotations: 'StrandBiasBySample' will be enabled. 'ChromosomeCounts', 'FisherStrand', 'StrandOddsRatio' and 'QualByDepth' annotations have been disabled
18:07:38.181 INFO  HaplotypeCallerEngine - Standard Emitting and Calling confidence set to -0.0 for reference-model confidence output
18:07:38.181 INFO  HaplotypeCallerEngine - All sites annotated with PLs forced to true for reference-model confidence output
18:07:38.195 INFO  NativeLibraryLoader - Loading libgkl_utils.so from jar:file:/home/nailasoler/gatk-4.4.0.0/gatk-package-4.4.0.0-local.jar!/com/intel/gkl/native/libgkl_utils.so
18:07:38.197 INFO  NativeLibraryLoader - Loading libgkl_pairhmm_omp.so from jar:file:/home/nailasoler/gatk-4.4.0.0/gatk-package-4.4.0.0-local.jar!/com/intel/gkl/native/libgkl_pairhmm_omp.so
18:07:38.217 INFO  IntelPairHmm - Flush-to-zero (FTZ) is enabled when running PairHMM
18:07:38.218 INFO  IntelPairHmm - Available threads: 20
18:07:38.218 INFO  IntelPairHmm - Requested threads: 4
18:07:38.218 INFO  PairHMM - Using the OpenMP multi-threaded AVX-accelerated native PairHMM implementation
18:07:38.260 INFO  ProgressMeter - Starting traversal
18:07:38.260 INFO  ProgressMeter -        Current Locus  Elapsed Minutes     Regions Processed   Regions/Minute
18:07:38.921 WARN  InbreedingCoeff - InbreedingCoeff will not be calculated at position NC_000962.3:1163 and possibly subsequent; at least 10 samples must have called genotypes
18:07:48.289 INFO  ProgressMeter -   NC_000962.3:300651              0.2                  1120           6701.2
18:07:58.293 INFO  ProgressMeter -   NC_000962.3:735036              0.3                  2710           8116.6
18:08:08.309 INFO  ProgressMeter -  NC_000962.3:1218101              0.5                  4520           9025.6
18:08:18.327 INFO  ProgressMeter -  NC_000962.3:1671791              0.7                  6180           9254.5
18:08:28.333 INFO  ProgressMeter -  NC_000962.3:2143291              0.8                  7910           9478.2
18:08:38.364 INFO  ProgressMeter -  NC_000962.3:2646864              1.0                  9770           9753.1
18:08:48.408 INFO  ProgressMeter -  NC_000962.3:3154183              1.2                 11640           9956.1
18:08:58.414 INFO  ProgressMeter -  NC_000962.3:3612647              1.3                 13310           9963.3
18:09:04.843 WARN  DepthPerSampleHC - Annotation will not be calculated at position NC_000962.3:3943771 and possibly subsequent; genotype for sample SRR34768849 is not called
18:09:04.843 WARN  StrandBiasBySample - Annotation will not be calculated at position NC_000962.3:3943771 and possibly subsequent; genotype for sample SRR34768849 is not called
18:09:08.473 INFO  ProgressMeter -  NC_000962.3:4125604              1.5                 15190          10102.8
18:09:14.766 INFO  HaplotypeCaller - 16919 read(s) filtered by: MappingQualityReadFilter 
0 read(s) filtered by: MappingQualityAvailableReadFilter 
0 read(s) filtered by: MappedReadFilter 
0 read(s) filtered by: NotSecondaryAlignmentReadFilter 
17284 read(s) filtered by: NotDuplicateReadFilter 
0 read(s) filtered by: PassesVendorQualityCheckReadFilter 
0 read(s) filtered by: NonZeroReferenceLengthAlignmentReadFilter 
0 read(s) filtered by: GoodCigarReadFilter 
0 read(s) filtered by: WellformedReadFilter 
34203 total reads filtered out of 1567527 reads processed
18:09:14.766 INFO  ProgressMeter -  NC_000962.3:4408794              1.6                 16239          10096.2
18:09:14.766 INFO  ProgressMeter - Traversal complete. Processed 16239 total regions in 1.6 minutes.
18:09:14.769 INFO  VectorLoglessPairHMM - Time spent in setup for JNI call : 0.041443242000000005
18:09:14.770 INFO  PairHMM - Total compute time in PairHMM computeLogLikelihoods() : 1.518685843
18:09:14.770 INFO  SmithWatermanAligner - Total compute time in java Smith-Waterman : 3.08 sec
18:09:14.771 INFO  HaplotypeCaller - Shutting down engine
[16 de novembro de 2025 18:09:14 BRT] org.broadinstitute.hellbender.tools.walkers.haplotypecaller.HaplotypeCaller done. Elapsed time: 1.62 minutes.
Runtime.totalMemory()=503316480
